{"/Users/xuwenting/WxProjects/fabric-wx/cloudfunctions/deleteUser/index.js": {"path":"/Users/xuwenting/WxProjects/fabric-wx/cloudfunctions/deleteUser/index.js","statementMap":{"0":{"start":{"line":2,"column":14},"end":{"line":2,"column":38}},"1":{"start":{"line":4,"column":0},"end":{"line":6,"column":2}},"2":{"start":{"line":8,"column":11},"end":{"line":8,"column":27}},"3":{"start":{"line":9,"column":24},"end":{"line":9,"column":46}},"4":{"start":{"line":10,"column":27},"end":{"line":10,"column":52}},"5":{"start":{"line":13,"column":0},"end":{"line":107,"column":1}},"6":{"start":{"line":14,"column":20},"end":{"line":14,"column":40}},"7":{"start":{"line":15,"column":17},"end":{"line":15,"column":33}},"8":{"start":{"line":17,"column":2},"end":{"line":106,"column":3}},"9":{"start":{"line":19,"column":21},"end":{"line":21,"column":12}},"10":{"start":{"line":24,"column":4},"end":{"line":28,"column":5}},"11":{"start":{"line":25,"column":6},"end":{"line":27,"column":14}},"12":{"start":{"line":30,"column":4},"end":{"line":35,"column":5}},"13":{"start":{"line":31,"column":6},"end":{"line":34,"column":7}},"14":{"start":{"line":38,"column":19},"end":{"line":38,"column":41}},"15":{"start":{"line":39,"column":22},"end":{"line":39,"column":50}},"16":{"start":{"line":42,"column":4},"end":{"line":48,"column":5}},"17":{"start":{"line":43,"column":6},"end":{"line":47,"column":7}},"18":{"start":{"line":44,"column":8},"end":{"line":44,"column":57}},"19":{"start":{"line":46,"column":8},"end":{"line":46,"column":38}},"20":{"start":{"line":51,"column":4},"end":{"line":91,"column":5}},"21":{"start":{"line":53,"column":29},"end":{"line":55,"column":14}},"22":{"start":{"line":58,"column":33},"end":{"line":58,"column":35}},"23":{"start":{"line":59,"column":6},"end":{"line":72,"column":7}},"24":{"start":{"line":61,"column":8},"end":{"line":63,"column":9}},"25":{"start":{"line":62,"column":10},"end":{"line":62,"column":48}},"26":{"start":{"line":65,"column":8},"end":{"line":71,"column":9}},"27":{"start":{"line":66,"column":10},"end":{"line":70,"column":11}},"28":{"start":{"line":67,"column":12},"end":{"line":69,"column":13}},"29":{"start":{"line":68,"column":14},"end":{"line":68,"column":46}},"30":{"start":{"line":75,"column":6},"end":{"line":81,"column":7}},"31":{"start":{"line":76,"column":8},"end":{"line":80,"column":9}},"32":{"start":{"line":77,"column":10},"end":{"line":77,"column":66}},"33":{"start":{"line":79,"column":10},"end":{"line":79,"column":41}},"34":{"start":{"line":84,"column":6},"end":{"line":86,"column":7}},"35":{"start":{"line":85,"column":8},"end":{"line":85,"column":58}},"36":{"start":{"line":88,"column":6},"end":{"line":88,"column":58}},"37":{"start":{"line":90,"column":6},"end":{"line":90,"column":34}},"38":{"start":{"line":93,"column":4},"end":{"line":93,"column":46}},"39":{"start":{"line":95,"column":4},"end":{"line":98,"column":5}},"40":{"start":{"line":101,"column":4},"end":{"line":101,"column":38}},"41":{"start":{"line":102,"column":4},"end":{"line":105,"column":5}}},"fnMap":{"0":{"name":"(anonymous_0)","decl":{"start":{"line":13,"column":15},"end":{"line":13,"column":16}},"loc":{"start":{"line":13,"column":41},"end":{"line":107,"column":1}},"line":13}},"branchMap":{"0":{"loc":{"start":{"line":24,"column":4},"end":{"line":28,"column":5}},"type":"if","locations":[{"start":{"line":24,"column":4},"end":{"line":28,"column":5}},{"start":{},"end":{}}],"line":24},"1":{"loc":{"start":{"line":30,"column":4},"end":{"line":35,"column":5}},"type":"if","locations":[{"start":{"line":30,"column":4},"end":{"line":35,"column":5}},{"start":{},"end":{}}],"line":30},"2":{"loc":{"start":{"line":42,"column":4},"end":{"line":48,"column":5}},"type":"if","locations":[{"start":{"line":42,"column":4},"end":{"line":48,"column":5}},{"start":{},"end":{}}],"line":42},"3":{"loc":{"start":{"line":42,"column":8},"end":{"line":42,"column":53}},"type":"binary-expr","locations":[{"start":{"line":42,"column":8},"end":{"line":42,"column":17}},{"start":{"line":42,"column":21},"end":{"line":42,"column":53}}],"line":42},"4":{"loc":{"start":{"line":61,"column":8},"end":{"line":63,"column":9}},"type":"if","locations":[{"start":{"line":61,"column":8},"end":{"line":63,"column":9}},{"start":{},"end":{}}],"line":61},"5":{"loc":{"start":{"line":61,"column":12},"end":{"line":61,"column":65}},"type":"binary-expr","locations":[{"start":{"line":61,"column":12},"end":{"line":61,"column":25}},{"start":{"line":61,"column":29},"end":{"line":61,"column":65}}],"line":61},"6":{"loc":{"start":{"line":65,"column":8},"end":{"line":71,"column":9}},"type":"if","locations":[{"start":{"line":65,"column":8},"end":{"line":71,"column":9}},{"start":{},"end":{}}],"line":65},"7":{"loc":{"start":{"line":65,"column":12},"end":{"line":65,"column":59}},"type":"binary-expr","locations":[{"start":{"line":65,"column":12},"end":{"line":65,"column":26}},{"start":{"line":65,"column":30},"end":{"line":65,"column":59}}],"line":65},"8":{"loc":{"start":{"line":67,"column":12},"end":{"line":69,"column":13}},"type":"if","locations":[{"start":{"line":67,"column":12},"end":{"line":69,"column":13}},{"start":{},"end":{}}],"line":67},"9":{"loc":{"start":{"line":67,"column":16},"end":{"line":67,"column":57}},"type":"binary-expr","locations":[{"start":{"line":67,"column":16},"end":{"line":67,"column":23}},{"start":{"line":67,"column":27},"end":{"line":67,"column":57}}],"line":67},"10":{"loc":{"start":{"line":75,"column":6},"end":{"line":81,"column":7}},"type":"if","locations":[{"start":{"line":75,"column":6},"end":{"line":81,"column":7}},{"start":{},"end":{}}],"line":75},"11":{"loc":{"start":{"line":104,"column":13},"end":{"line":104,"column":36}},"type":"binary-expr","locations":[{"start":{"line":104,"column":13},"end":{"line":104,"column":26}},{"start":{"line":104,"column":30},"end":{"line":104,"column":36}}],"line":104}},"s":{"0":1,"1":1,"2":1,"3":1,"4":1,"5":1,"6":9,"7":9,"8":9,"9":9,"10":8,"11":2,"12":8,"13":1,"14":7,"15":7,"16":7,"17":2,"18":2,"19":1,"20":7,"21":7,"22":6,"23":6,"24":2,"25":2,"26":2,"27":2,"28":1,"29":1,"30":6,"31":1,"32":1,"33":0,"34":6,"35":2,"36":6,"37":1,"38":7,"39":7,"40":1,"41":1},"f":{"0":9},"b":{"0":[2,6],"1":[1,7],"2":[2,5],"3":[7,3],"4":[2,0],"5":[2,2],"6":[2,0],"7":[2,2],"8":[1,0],"9":[1,1],"10":[1,5],"11":[1,0]},"inputSourceMap":null,"_coverageSchema":"1a1c01bbd47fc00a2c39e90264f33305004495a9","hash":"6c9d74fabdbd960e6245ab80a0fd461eeec8461a"}
,"/Users/xuwenting/WxProjects/fabric-wx/cloudfunctions/login/index.js": {"path":"/Users/xuwenting/WxProjects/fabric-wx/cloudfunctions/login/index.js","statementMap":{"0":{"start":{"line":2,"column":14},"end":{"line":2,"column":38}},"1":{"start":{"line":4,"column":0},"end":{"line":6,"column":2}},"2":{"start":{"line":8,"column":11},"end":{"line":8,"column":27}},"3":{"start":{"line":9,"column":24},"end":{"line":9,"column":46}},"4":{"start":{"line":16,"column":2},"end":{"line":16,"column":69}},"5":{"start":{"line":25,"column":17},"end":{"line":27,"column":12}},"6":{"start":{"line":28,"column":2},"end":{"line":28,"column":25}},"7":{"start":{"line":37,"column":2},"end":{"line":43,"column":3}},"8":{"start":{"line":37,"column":15},"end":{"line":37,"column":16}},"9":{"start":{"line":38,"column":21},"end":{"line":38,"column":39}},"10":{"start":{"line":39,"column":19},"end":{"line":39,"column":51}},"11":{"start":{"line":40,"column":4},"end":{"line":42,"column":5}},"12":{"start":{"line":41,"column":6},"end":{"line":41,"column":21}},"13":{"start":{"line":45,"column":20},"end":{"line":45,"column":51}},"14":{"start":{"line":46,"column":2},"end":{"line":46,"column":87}},"15":{"start":{"line":50,"column":0},"end":{"line":176,"column":1}},"16":{"start":{"line":51,"column":20},"end":{"line":51,"column":40}},"17":{"start":{"line":52,"column":17},"end":{"line":52,"column":33}},"18":{"start":{"line":54,"column":34},"end":{"line":54,"column":39}},"19":{"start":{"line":56,"column":2},"end":{"line":175,"column":3}},"20":{"start":{"line":57,"column":4},"end":{"line":57,"column":44}},"21":{"start":{"line":60,"column":21},"end":{"line":62,"column":12}},"22":{"start":{"line":63,"column":4},"end":{"line":63,"column":64}},"23":{"start":{"line":66,"column":4},"end":{"line":79,"column":5}},"24":{"start":{"line":67,"column":6},"end":{"line":69,"column":14}},"25":{"start":{"line":70,"column":6},"end":{"line":70,"column":67}},"26":{"start":{"line":73,"column":6},"end":{"line":78,"column":7}},"27":{"start":{"line":74,"column":8},"end":{"line":74,"column":41}},"28":{"start":{"line":75,"column":8},"end":{"line":77,"column":10}},"29":{"start":{"line":82,"column":4},"end":{"line":117,"column":5}},"30":{"start":{"line":83,"column":27},"end":{"line":83,"column":45}},"31":{"start":{"line":86,"column":6},"end":{"line":107,"column":7}},"32":{"start":{"line":87,"column":27},"end":{"line":89,"column":9}},"33":{"start":{"line":90,"column":8},"end":{"line":90,"column":52}},"34":{"start":{"line":90,"column":22},"end":{"line":90,"column":52}},"35":{"start":{"line":91,"column":8},"end":{"line":91,"column":55}},"36":{"start":{"line":91,"column":23},"end":{"line":91,"column":55}},"37":{"start":{"line":93,"column":8},"end":{"line":95,"column":10}},"38":{"start":{"line":98,"column":8},"end":{"line":106,"column":9}},"39":{"start":{"line":109,"column":6},"end":{"line":116,"column":7}},"40":{"start":{"line":120,"column":4},"end":{"line":120,"column":41}},"41":{"start":{"line":121,"column":21},"end":{"line":121,"column":51}},"42":{"start":{"line":124,"column":30},"end":{"line":124,"column":53}},"43":{"start":{"line":126,"column":24},"end":{"line":154,"column":5}},"44":{"start":{"line":156,"column":25},"end":{"line":158,"column":6}},"45":{"start":{"line":160,"column":4},"end":{"line":167,"column":5}},"46":{"start":{"line":170,"column":4},"end":{"line":170,"column":36}},"47":{"start":{"line":171,"column":4},"end":{"line":174,"column":5}}},"fnMap":{"0":{"name":"generateZhizhiId","decl":{"start":{"line":15,"column":9},"end":{"line":15,"column":25}},"loc":{"start":{"line":15,"column":28},"end":{"line":17,"column":1}},"line":15},"1":{"name":"isZhizhiIdExists","decl":{"start":{"line":24,"column":15},"end":{"line":24,"column":31}},"loc":{"start":{"line":24,"column":42},"end":{"line":29,"column":1}},"line":24},"2":{"name":"generateUniqueZhizhiId","decl":{"start":{"line":36,"column":15},"end":{"line":36,"column":37}},"loc":{"start":{"line":36,"column":55},"end":{"line":47,"column":1}},"line":36},"3":{"name":"(anonymous_3)","decl":{"start":{"line":50,"column":15},"end":{"line":50,"column":16}},"loc":{"start":{"line":50,"column":41},"end":{"line":176,"column":1}},"line":50}},"branchMap":{"0":{"loc":{"start":{"line":36,"column":38},"end":{"line":36,"column":53}},"type":"default-arg","locations":[{"start":{"line":36,"column":51},"end":{"line":36,"column":53}}],"line":36},"1":{"loc":{"start":{"line":40,"column":4},"end":{"line":42,"column":5}},"type":"if","locations":[{"start":{"line":40,"column":4},"end":{"line":42,"column":5}},{"start":{},"end":{}}],"line":40},"2":{"loc":{"start":{"line":66,"column":4},"end":{"line":79,"column":5}},"type":"if","locations":[{"start":{"line":66,"column":4},"end":{"line":79,"column":5}},{"start":{},"end":{}}],"line":66},"3":{"loc":{"start":{"line":73,"column":6},"end":{"line":78,"column":7}},"type":"if","locations":[{"start":{"line":73,"column":6},"end":{"line":78,"column":7}},{"start":{},"end":{}}],"line":73},"4":{"loc":{"start":{"line":82,"column":4},"end":{"line":117,"column":5}},"type":"if","locations":[{"start":{"line":82,"column":4},"end":{"line":117,"column":5}},{"start":{},"end":{}}],"line":82},"5":{"loc":{"start":{"line":86,"column":6},"end":{"line":107,"column":7}},"type":"if","locations":[{"start":{"line":86,"column":6},"end":{"line":107,"column":7}},{"start":{},"end":{}}],"line":86},"6":{"loc":{"start":{"line":86,"column":10},"end":{"line":86,"column":31}},"type":"binary-expr","locations":[{"start":{"line":86,"column":10},"end":{"line":86,"column":18}},{"start":{"line":86,"column":22},"end":{"line":86,"column":31}}],"line":86},"7":{"loc":{"start":{"line":90,"column":8},"end":{"line":90,"column":52}},"type":"if","locations":[{"start":{"line":90,"column":8},"end":{"line":90,"column":52}},{"start":{},"end":{}}],"line":90},"8":{"loc":{"start":{"line":91,"column":8},"end":{"line":91,"column":55}},"type":"if","locations":[{"start":{"line":91,"column":8},"end":{"line":91,"column":55}},{"start":{},"end":{}}],"line":91},"9":{"loc":{"start":{"line":104,"column":30},"end":{"line":104,"column":68}},"type":"binary-expr","locations":[{"start":{"line":104,"column":30},"end":{"line":104,"column":59}},{"start":{"line":104,"column":63},"end":{"line":104,"column":68}}],"line":104},"10":{"loc":{"start":{"line":114,"column":28},"end":{"line":114,"column":66}},"type":"binary-expr","locations":[{"start":{"line":114,"column":28},"end":{"line":114,"column":57}},{"start":{"line":114,"column":61},"end":{"line":114,"column":66}}],"line":114},"11":{"loc":{"start":{"line":130,"column":16},"end":{"line":130,"column":34}},"type":"binary-expr","locations":[{"start":{"line":130,"column":16},"end":{"line":130,"column":24}},{"start":{"line":130,"column":28},"end":{"line":130,"column":34}}],"line":130},"12":{"loc":{"start":{"line":131,"column":17},"end":{"line":131,"column":32}},"type":"binary-expr","locations":[{"start":{"line":131,"column":17},"end":{"line":131,"column":26}},{"start":{"line":131,"column":30},"end":{"line":131,"column":32}}],"line":131},"13":{"loc":{"start":{"line":173,"column":13},"end":{"line":173,"column":36}},"type":"binary-expr","locations":[{"start":{"line":173,"column":13},"end":{"line":173,"column":26}},{"start":{"line":173,"column":30},"end":{"line":173,"column":36}}],"line":173}},"s":{"0":1,"1":1,"2":1,"3":1,"4":7,"5":7,"6":7,"7":6,"8":6,"9":7,"10":7,"11":7,"12":6,"13":0,"14":0,"15":1,"16":12,"17":12,"18":12,"19":12,"20":12,"21":12,"22":10,"23":10,"24":7,"25":7,"26":7,"27":1,"28":1,"29":10,"30":4,"31":4,"32":2,"33":2,"34":2,"35":2,"36":1,"37":2,"38":2,"39":2,"40":6,"41":6,"42":6,"43":6,"44":6,"45":6,"46":2,"47":2},"f":{"0":7,"1":7,"2":6,"3":12},"b":{"0":[6],"1":[6,1],"2":[7,3],"3":[1,6],"4":[4,6],"5":[2,2],"6":[4,2],"7":[2,0],"8":[1,1],"9":[2,2],"10":[2,1],"11":[6,5],"12":[6,5],"13":[2,1]},"inputSourceMap":null,"_coverageSchema":"1a1c01bbd47fc00a2c39e90264f33305004495a9","hash":"904c12377360961cef386bdb4a4da8e8c9b5fc91"}
,"/Users/xuwenting/WxProjects/fabric-wx/cloudfunctions/syncCounterData/index.js": {"path":"/Users/xuwenting/WxProjects/fabric-wx/cloudfunctions/syncCounterData/index.js","statementMap":{"0":{"start":{"line":2,"column":14},"end":{"line":2,"column":38}},"1":{"start":{"line":4,"column":0},"end":{"line":6,"column":2}},"2":{"start":{"line":8,"column":11},"end":{"line":8,"column":27}},"3":{"start":{"line":9,"column":24},"end":{"line":9,"column":46}},"4":{"start":{"line":12,"column":0},"end":{"line":189,"column":1}},"5":{"start":{"line":13,"column":20},"end":{"line":13,"column":40}},"6":{"start":{"line":14,"column":17},"end":{"line":14,"column":33}},"7":{"start":{"line":16,"column":44},"end":{"line":16,"column":49}},"8":{"start":{"line":18,"column":2},"end":{"line":188,"column":3}},"9":{"start":{"line":20,"column":21},"end":{"line":22,"column":12}},"10":{"start":{"line":25,"column":4},"end":{"line":29,"column":5}},"11":{"start":{"line":26,"column":6},"end":{"line":28,"column":14}},"12":{"start":{"line":31,"column":4},"end":{"line":36,"column":5}},"13":{"start":{"line":32,"column":6},"end":{"line":35,"column":7}},"14":{"start":{"line":38,"column":17},"end":{"line":38,"column":35}},"15":{"start":{"line":39,"column":16},"end":{"line":39,"column":31}},"16":{"start":{"line":42,"column":4},"end":{"line":59,"column":5}},"17":{"start":{"line":43,"column":6},"end":{"line":50,"column":8}},"18":{"start":{"line":52,"column":6},"end":{"line":58,"column":7}},"19":{"start":{"line":62,"column":4},"end":{"line":90,"column":5}},"20":{"start":{"line":63,"column":24},"end":{"line":63,"column":46}},"21":{"start":{"line":64,"column":28},"end":{"line":64,"column":47}},"22":{"start":{"line":68,"column":34},"end":{"line":68,"column":36}},"23":{"start":{"line":69,"column":6},"end":{"line":81,"column":7}},"24":{"start":{"line":70,"column":8},"end":{"line":80,"column":9}},"25":{"start":{"line":71,"column":10},"end":{"line":71,"column":37}},"26":{"start":{"line":74,"column":25},"end":{"line":74,"column":30}},"27":{"start":{"line":75,"column":10},"end":{"line":75,"column":42}},"28":{"start":{"line":77,"column":10},"end":{"line":79,"column":11}},"29":{"start":{"line":78,"column":12},"end":{"line":78,"column":48}},"30":{"start":{"line":83,"column":6},"end":{"line":89,"column":7}},"31":{"start":{"line":96,"column":4},"end":{"line":175,"column":5}},"32":{"start":{"line":97,"column":28},"end":{"line":97,"column":47}},"33":{"start":{"line":98,"column":24},"end":{"line":98,"column":46}},"34":{"start":{"line":99,"column":28},"end":{"line":99,"column":42}},"35":{"start":{"line":100,"column":24},"end":{"line":100,"column":41}},"36":{"start":{"line":104,"column":34},"end":{"line":104,"column":36}},"37":{"start":{"line":105,"column":6},"end":{"line":117,"column":7}},"38":{"start":{"line":106,"column":8},"end":{"line":116,"column":9}},"39":{"start":{"line":107,"column":10},"end":{"line":107,"column":37}},"40":{"start":{"line":110,"column":25},"end":{"line":110,"column":30}},"41":{"start":{"line":111,"column":10},"end":{"line":111,"column":42}},"42":{"start":{"line":113,"column":10},"end":{"line":115,"column":11}},"43":{"start":{"line":114,"column":12},"end":{"line":114,"column":48}},"44":{"start":{"line":118,"column":27},"end":{"line":118,"column":55}},"45":{"start":{"line":121,"column":29},"end":{"line":121,"column":31}},"46":{"start":{"line":122,"column":25},"end":{"line":122,"column":27}},"47":{"start":{"line":125,"column":6},"end":{"line":153,"column":7}},"48":{"start":{"line":126,"column":29},"end":{"line":126,"column":47}},"49":{"start":{"line":127,"column":29},"end":{"line":127,"column":47}},"50":{"start":{"line":129,"column":8},"end":{"line":152,"column":9}},"51":{"start":{"line":131,"column":10},"end":{"line":131,"column":30}},"52":{"start":{"line":132,"column":15},"end":{"line":152,"column":9}},"53":{"start":{"line":134,"column":10},"end":{"line":134,"column":44}},"54":{"start":{"line":135,"column":10},"end":{"line":135,"column":30}},"55":{"start":{"line":136,"column":15},"end":{"line":152,"column":9}},"56":{"start":{"line":138,"column":10},"end":{"line":138,"column":44}},"57":{"start":{"line":139,"column":10},"end":{"line":139,"column":30}},"58":{"start":{"line":142,"column":28},"end":{"line":142,"column":55}},"59":{"start":{"line":143,"column":28},"end":{"line":143,"column":55}},"60":{"start":{"line":145,"column":10},"end":{"line":151,"column":11}},"61":{"start":{"line":146,"column":12},"end":{"line":146,"column":46}},"62":{"start":{"line":147,"column":12},"end":{"line":147,"column":32}},"63":{"start":{"line":149,"column":12},"end":{"line":149,"column":46}},"64":{"start":{"line":150,"column":12},"end":{"line":150,"column":32}},"65":{"start":{"line":159,"column":6},"end":{"line":166,"column":8}},"66":{"start":{"line":168,"column":6},"end":{"line":174,"column":7}},"67":{"start":{"line":177,"column":4},"end":{"line":180,"column":5}},"68":{"start":{"line":183,"column":4},"end":{"line":183,"column":38}},"69":{"start":{"line":184,"column":4},"end":{"line":187,"column":5}}},"fnMap":{"0":{"name":"(anonymous_0)","decl":{"start":{"line":12,"column":15},"end":{"line":12,"column":16}},"loc":{"start":{"line":12,"column":41},"end":{"line":189,"column":1}},"line":12}},"branchMap":{"0":{"loc":{"start":{"line":25,"column":4},"end":{"line":29,"column":5}},"type":"if","locations":[{"start":{"line":25,"column":4},"end":{"line":29,"column":5}},{"start":{},"end":{}}],"line":25},"1":{"loc":{"start":{"line":31,"column":4},"end":{"line":36,"column":5}},"type":"if","locations":[{"start":{"line":31,"column":4},"end":{"line":36,"column":5}},{"start":{},"end":{}}],"line":31},"2":{"loc":{"start":{"line":42,"column":4},"end":{"line":59,"column":5}},"type":"if","locations":[{"start":{"line":42,"column":4},"end":{"line":59,"column":5}},{"start":{},"end":{}}],"line":42},"3":{"loc":{"start":{"line":45,"column":23},"end":{"line":45,"column":40}},"type":"binary-expr","locations":[{"start":{"line":45,"column":23},"end":{"line":45,"column":34}},{"start":{"line":45,"column":38},"end":{"line":45,"column":40}}],"line":45},"4":{"loc":{"start":{"line":46,"column":35},"end":{"line":46,"column":49}},"type":"binary-expr","locations":[{"start":{"line":46,"column":35},"end":{"line":46,"column":43}},{"start":{"line":46,"column":47},"end":{"line":46,"column":49}}],"line":46},"5":{"loc":{"start":{"line":55,"column":23},"end":{"line":55,"column":40}},"type":"binary-expr","locations":[{"start":{"line":55,"column":23},"end":{"line":55,"column":34}},{"start":{"line":55,"column":38},"end":{"line":55,"column":40}}],"line":55},"6":{"loc":{"start":{"line":56,"column":20},"end":{"line":56,"column":34}},"type":"binary-expr","locations":[{"start":{"line":56,"column":20},"end":{"line":56,"column":28}},{"start":{"line":56,"column":32},"end":{"line":56,"column":34}}],"line":56},"7":{"loc":{"start":{"line":62,"column":4},"end":{"line":90,"column":5}},"type":"if","locations":[{"start":{"line":62,"column":4},"end":{"line":90,"column":5}},{"start":{},"end":{}}],"line":62},"8":{"loc":{"start":{"line":63,"column":24},"end":{"line":63,"column":46}},"type":"binary-expr","locations":[{"start":{"line":63,"column":24},"end":{"line":63,"column":40}},{"start":{"line":63,"column":44},"end":{"line":63,"column":46}}],"line":63},"9":{"loc":{"start":{"line":64,"column":28},"end":{"line":64,"column":47}},"type":"binary-expr","locations":[{"start":{"line":64,"column":28},"end":{"line":64,"column":41}},{"start":{"line":64,"column":45},"end":{"line":64,"column":47}}],"line":64},"10":{"loc":{"start":{"line":70,"column":8},"end":{"line":80,"column":9}},"type":"if","locations":[{"start":{"line":70,"column":8},"end":{"line":80,"column":9}},{"start":{"line":72,"column":15},"end":{"line":80,"column":9}}],"line":70},"11":{"loc":{"start":{"line":77,"column":10},"end":{"line":79,"column":11}},"type":"if","locations":[{"start":{"line":77,"column":10},"end":{"line":79,"column":11}},{"start":{},"end":{}}],"line":77},"12":{"loc":{"start":{"line":77,"column":14},"end":{"line":77,"column":77}},"type":"binary-expr","locations":[{"start":{"line":77,"column":14},"end":{"line":77,"column":21}},{"start":{"line":77,"column":25},"end":{"line":77,"column":46}},{"start":{"line":77,"column":50},"end":{"line":77,"column":77}}],"line":77},"13":{"loc":{"start":{"line":96,"column":4},"end":{"line":175,"column":5}},"type":"if","locations":[{"start":{"line":96,"column":4},"end":{"line":175,"column":5}},{"start":{},"end":{}}],"line":96},"14":{"loc":{"start":{"line":97,"column":28},"end":{"line":97,"column":47}},"type":"binary-expr","locations":[{"start":{"line":97,"column":28},"end":{"line":97,"column":41}},{"start":{"line":97,"column":45},"end":{"line":97,"column":47}}],"line":97},"15":{"loc":{"start":{"line":98,"column":24},"end":{"line":98,"column":46}},"type":"binary-expr","locations":[{"start":{"line":98,"column":24},"end":{"line":98,"column":40}},{"start":{"line":98,"column":44},"end":{"line":98,"column":46}}],"line":98},"16":{"loc":{"start":{"line":99,"column":28},"end":{"line":99,"column":42}},"type":"binary-expr","locations":[{"start":{"line":99,"column":28},"end":{"line":99,"column":36}},{"start":{"line":99,"column":40},"end":{"line":99,"column":42}}],"line":99},"17":{"loc":{"start":{"line":100,"column":24},"end":{"line":100,"column":41}},"type":"binary-expr","locations":[{"start":{"line":100,"column":24},"end":{"line":100,"column":35}},{"start":{"line":100,"column":39},"end":{"line":100,"column":41}}],"line":100},"18":{"loc":{"start":{"line":106,"column":8},"end":{"line":116,"column":9}},"type":"if","locations":[{"start":{"line":106,"column":8},"end":{"line":116,"column":9}},{"start":{"line":108,"column":15},"end":{"line":116,"column":9}}],"line":106},"19":{"loc":{"start":{"line":113,"column":10},"end":{"line":115,"column":11}},"type":"if","locations":[{"start":{"line":113,"column":10},"end":{"line":115,"column":11}},{"start":{},"end":{}}],"line":113},"20":{"loc":{"start":{"line":113,"column":14},"end":{"line":113,"column":77}},"type":"binary-expr","locations":[{"start":{"line":113,"column":14},"end":{"line":113,"column":21}},{"start":{"line":113,"column":25},"end":{"line":113,"column":46}},{"start":{"line":113,"column":50},"end":{"line":113,"column":77}}],"line":113},"21":{"loc":{"start":{"line":129,"column":8},"end":{"line":152,"column":9}},"type":"if","locations":[{"start":{"line":129,"column":8},"end":{"line":152,"column":9}},{"start":{"line":132,"column":15},"end":{"line":152,"column":9}}],"line":129},"22":{"loc":{"start":{"line":129,"column":12},"end":{"line":129,"column":42}},"type":"binary-expr","locations":[{"start":{"line":129,"column":12},"end":{"line":129,"column":25}},{"start":{"line":129,"column":29},"end":{"line":129,"column":42}}],"line":129},"23":{"loc":{"start":{"line":132,"column":15},"end":{"line":152,"column":9}},"type":"if","locations":[{"start":{"line":132,"column":15},"end":{"line":152,"column":9}},{"start":{"line":136,"column":15},"end":{"line":152,"column":9}}],"line":132},"24":{"loc":{"start":{"line":136,"column":15},"end":{"line":152,"column":9}},"type":"if","locations":[{"start":{"line":136,"column":15},"end":{"line":152,"column":9}},{"start":{"line":140,"column":15},"end":{"line":152,"column":9}}],"line":136},"25":{"loc":{"start":{"line":142,"column":28},"end":{"line":142,"column":55}},"type":"binary-expr","locations":[{"start":{"line":142,"column":28},"end":{"line":142,"column":50}},{"start":{"line":142,"column":54},"end":{"line":142,"column":55}}],"line":142},"26":{"loc":{"start":{"line":143,"column":28},"end":{"line":143,"column":55}},"type":"binary-expr","locations":[{"start":{"line":143,"column":28},"end":{"line":143,"column":50}},{"start":{"line":143,"column":54},"end":{"line":143,"column":55}}],"line":143},"27":{"loc":{"start":{"line":145,"column":10},"end":{"line":151,"column":11}},"type":"if","locations":[{"start":{"line":145,"column":10},"end":{"line":151,"column":11}},{"start":{"line":148,"column":17},"end":{"line":151,"column":11}}],"line":145},"28":{"loc":{"start":{"line":186,"column":13},"end":{"line":186,"column":36}},"type":"binary-expr","locations":[{"start":{"line":186,"column":13},"end":{"line":186,"column":26}},{"start":{"line":186,"column":30},"end":{"line":186,"column":36}}],"line":186}},"s":{"0":1,"1":1,"2":1,"3":1,"4":1,"5":8,"6":8,"7":8,"8":8,"9":8,"10":8,"11":1,"12":8,"13":1,"14":7,"15":7,"16":7,"17":1,"18":1,"19":6,"20":2,"21":2,"22":2,"23":2,"24":1,"25":0,"26":1,"27":1,"28":1,"29":0,"30":2,"31":4,"32":3,"33":3,"34":3,"35":3,"36":3,"37":3,"38":3,"39":0,"40":3,"41":3,"42":3,"43":0,"44":3,"45":3,"46":3,"47":3,"48":3,"49":3,"50":3,"51":0,"52":3,"53":1,"54":1,"55":2,"56":0,"57":0,"58":2,"59":2,"60":2,"61":1,"62":1,"63":1,"64":1,"65":3,"66":3,"67":1,"68":0,"69":0},"f":{"0":8},"b":{"0":[1,7],"1":[1,7],"2":[1,6],"3":[1,0],"4":[1,0],"5":[1,0],"6":[1,0],"7":[2,4],"8":[2,1],"9":[2,1],"10":[0,1],"11":[0,1],"12":[1,1,1],"13":[3,1],"14":[3,0],"15":[3,0],"16":[3,0],"17":[3,0],"18":[0,3],"19":[0,3],"20":[3,3,3],"21":[0,3],"22":[3,0],"23":[1,2],"24":[0,2],"25":[2,0],"26":[2,0],"27":[1,1],"28":[0,0]},"inputSourceMap":null,"_coverageSchema":"1a1c01bbd47fc00a2c39e90264f33305004495a9","hash":"736ecd019f283bf0691af06a2ef945af3167102f"}
,"/Users/xuwenting/WxProjects/fabric-wx/cloudfunctions/syncDiagramData/index.js": {"path":"/Users/xuwenting/WxProjects/fabric-wx/cloudfunctions/syncDiagramData/index.js","statementMap":{"0":{"start":{"line":2,"column":14},"end":{"line":2,"column":38}},"1":{"start":{"line":4,"column":0},"end":{"line":6,"column":2}},"2":{"start":{"line":8,"column":11},"end":{"line":8,"column":27}},"3":{"start":{"line":9,"column":27},"end":{"line":9,"column":52}},"4":{"start":{"line":12,"column":0},"end":{"line":180,"column":1}},"5":{"start":{"line":13,"column":20},"end":{"line":13,"column":40}},"6":{"start":{"line":14,"column":17},"end":{"line":14,"column":33}},"7":{"start":{"line":16,"column":30},"end":{"line":16,"column":35}},"8":{"start":{"line":18,"column":2},"end":{"line":179,"column":3}},"9":{"start":{"line":19,"column":16},"end":{"line":19,"column":31}},"10":{"start":{"line":22,"column":4},"end":{"line":81,"column":5}},"11":{"start":{"line":23,"column":6},"end":{"line":28,"column":7}},"12":{"start":{"line":24,"column":8},"end":{"line":27,"column":9}},"13":{"start":{"line":31,"column":29},"end":{"line":34,"column":14}},"14":{"start":{"line":36,"column":6},"end":{"line":80,"column":7}},"15":{"start":{"line":38,"column":8},"end":{"line":49,"column":10}},"16":{"start":{"line":51,"column":8},"end":{"line":56,"column":9}},"17":{"start":{"line":59,"column":23},"end":{"line":72,"column":10}},"18":{"start":{"line":74,"column":8},"end":{"line":79,"column":9}},"19":{"start":{"line":84,"column":4},"end":{"line":95,"column":5}},"20":{"start":{"line":85,"column":21},"end":{"line":87,"column":44}},"21":{"start":{"line":89,"column":6},"end":{"line":94,"column":7}},"22":{"start":{"line":98,"column":4},"end":{"line":152,"column":5}},"23":{"start":{"line":99,"column":28},"end":{"line":99,"column":33}},"24":{"start":{"line":101,"column":6},"end":{"line":106,"column":7}},"25":{"start":{"line":102,"column":8},"end":{"line":105,"column":9}},"26":{"start":{"line":109,"column":28},"end":{"line":112,"column":14}},"27":{"start":{"line":114,"column":6},"end":{"line":119,"column":7}},"28":{"start":{"line":115,"column":8},"end":{"line":118,"column":9}},"29":{"start":{"line":121,"column":30},"end":{"line":121,"column":51}},"30":{"start":{"line":124,"column":33},"end":{"line":124,"column":35}},"31":{"start":{"line":125,"column":6},"end":{"line":127,"column":7}},"32":{"start":{"line":126,"column":8},"end":{"line":126,"column":54}},"33":{"start":{"line":128,"column":6},"end":{"line":134,"column":7}},"34":{"start":{"line":129,"column":8},"end":{"line":133,"column":9}},"35":{"start":{"line":130,"column":10},"end":{"line":132,"column":11}},"36":{"start":{"line":131,"column":12},"end":{"line":131,"column":44}},"37":{"start":{"line":137,"column":6},"end":{"line":143,"column":7}},"38":{"start":{"line":138,"column":8},"end":{"line":142,"column":9}},"39":{"start":{"line":139,"column":10},"end":{"line":139,"column":66}},"40":{"start":{"line":141,"column":10},"end":{"line":141,"column":39}},"41":{"start":{"line":146,"column":6},"end":{"line":146,"column":64}},"42":{"start":{"line":148,"column":6},"end":{"line":151,"column":7}},"43":{"start":{"line":155,"column":4},"end":{"line":166,"column":5}},"44":{"start":{"line":156,"column":21},"end":{"line":158,"column":16}},"45":{"start":{"line":160,"column":6},"end":{"line":165,"column":7}},"46":{"start":{"line":168,"column":4},"end":{"line":171,"column":5}},"47":{"start":{"line":174,"column":4},"end":{"line":174,"column":37}},"48":{"start":{"line":175,"column":4},"end":{"line":178,"column":5}}},"fnMap":{"0":{"name":"(anonymous_0)","decl":{"start":{"line":12,"column":15},"end":{"line":12,"column":16}},"loc":{"start":{"line":12,"column":41},"end":{"line":180,"column":1}},"line":12}},"branchMap":{"0":{"loc":{"start":{"line":22,"column":4},"end":{"line":81,"column":5}},"type":"if","locations":[{"start":{"line":22,"column":4},"end":{"line":81,"column":5}},{"start":{},"end":{}}],"line":22},"1":{"loc":{"start":{"line":23,"column":6},"end":{"line":28,"column":7}},"type":"if","locations":[{"start":{"line":23,"column":6},"end":{"line":28,"column":7}},{"start":{},"end":{}}],"line":23},"2":{"loc":{"start":{"line":23,"column":10},"end":{"line":23,"column":33}},"type":"binary-expr","locations":[{"start":{"line":23,"column":10},"end":{"line":23,"column":18}},{"start":{"line":23,"column":22},"end":{"line":23,"column":33}}],"line":23},"3":{"loc":{"start":{"line":36,"column":6},"end":{"line":80,"column":7}},"type":"if","locations":[{"start":{"line":36,"column":6},"end":{"line":80,"column":7}},{"start":{"line":57,"column":13},"end":{"line":80,"column":7}}],"line":36},"4":{"loc":{"start":{"line":45,"column":20},"end":{"line":45,"column":40}},"type":"binary-expr","locations":[{"start":{"line":45,"column":20},"end":{"line":45,"column":34}},{"start":{"line":45,"column":38},"end":{"line":45,"column":40}}],"line":45},"5":{"loc":{"start":{"line":68,"column":20},"end":{"line":68,"column":40}},"type":"binary-expr","locations":[{"start":{"line":68,"column":20},"end":{"line":68,"column":34}},{"start":{"line":68,"column":38},"end":{"line":68,"column":40}}],"line":68},"6":{"loc":{"start":{"line":84,"column":4},"end":{"line":95,"column":5}},"type":"if","locations":[{"start":{"line":84,"column":4},"end":{"line":95,"column":5}},{"start":{},"end":{}}],"line":84},"7":{"loc":{"start":{"line":98,"column":4},"end":{"line":152,"column":5}},"type":"if","locations":[{"start":{"line":98,"column":4},"end":{"line":152,"column":5}},{"start":{},"end":{}}],"line":98},"8":{"loc":{"start":{"line":101,"column":6},"end":{"line":106,"column":7}},"type":"if","locations":[{"start":{"line":101,"column":6},"end":{"line":106,"column":7}},{"start":{},"end":{}}],"line":101},"9":{"loc":{"start":{"line":114,"column":6},"end":{"line":119,"column":7}},"type":"if","locations":[{"start":{"line":114,"column":6},"end":{"line":119,"column":7}},{"start":{},"end":{}}],"line":114},"10":{"loc":{"start":{"line":125,"column":6},"end":{"line":127,"column":7}},"type":"if","locations":[{"start":{"line":125,"column":6},"end":{"line":127,"column":7}},{"start":{},"end":{}}],"line":125},"11":{"loc":{"start":{"line":125,"column":10},"end":{"line":125,"column":79}},"type":"binary-expr","locations":[{"start":{"line":125,"column":10},"end":{"line":125,"column":31}},{"start":{"line":125,"column":35},"end":{"line":125,"column":79}}],"line":125},"12":{"loc":{"start":{"line":128,"column":6},"end":{"line":134,"column":7}},"type":"if","locations":[{"start":{"line":128,"column":6},"end":{"line":134,"column":7}},{"start":{},"end":{}}],"line":128},"13":{"loc":{"start":{"line":128,"column":10},"end":{"line":128,"column":73}},"type":"binary-expr","locations":[{"start":{"line":128,"column":10},"end":{"line":128,"column":32}},{"start":{"line":128,"column":36},"end":{"line":128,"column":73}}],"line":128},"14":{"loc":{"start":{"line":130,"column":10},"end":{"line":132,"column":11}},"type":"if","locations":[{"start":{"line":130,"column":10},"end":{"line":132,"column":11}},{"start":{},"end":{}}],"line":130},"15":{"loc":{"start":{"line":130,"column":14},"end":{"line":130,"column":55}},"type":"binary-expr","locations":[{"start":{"line":130,"column":14},"end":{"line":130,"column":21}},{"start":{"line":130,"column":25},"end":{"line":130,"column":55}}],"line":130},"16":{"loc":{"start":{"line":137,"column":6},"end":{"line":143,"column":7}},"type":"if","locations":[{"start":{"line":137,"column":6},"end":{"line":143,"column":7}},{"start":{},"end":{}}],"line":137},"17":{"loc":{"start":{"line":155,"column":4},"end":{"line":166,"column":5}},"type":"if","locations":[{"start":{"line":155,"column":4},"end":{"line":166,"column":5}},{"start":{},"end":{}}],"line":155},"18":{"loc":{"start":{"line":177,"column":13},"end":{"line":177,"column":36}},"type":"binary-expr","locations":[{"start":{"line":177,"column":13},"end":{"line":177,"column":26}},{"start":{"line":177,"column":30},"end":{"line":177,"column":36}}],"line":177}},"s":{"0":1,"1":1,"2":1,"3":1,"4":1,"5":14,"6":14,"7":14,"8":14,"9":14,"10":14,"11":4,"12":2,"13":2,"14":2,"15":1,"16":1,"17":1,"18":1,"19":10,"20":3,"21":2,"22":7,"23":4,"24":4,"25":1,"26":3,"27":3,"28":1,"29":2,"30":2,"31":2,"32":1,"33":2,"34":2,"35":2,"36":2,"37":2,"38":1,"39":1,"40":0,"41":2,"42":2,"43":3,"44":2,"45":2,"46":1,"47":1,"48":1},"f":{"0":14},"b":{"0":[4,10],"1":[2,2],"2":[4,3],"3":[1,1],"4":[1,0],"5":[1,0],"6":[3,7],"7":[4,3],"8":[1,3],"9":[1,2],"10":[1,1],"11":[2,2],"12":[2,0],"13":[2,2],"14":[2,0],"15":[2,2],"16":[1,1],"17":[2,1],"18":[1,0]},"inputSourceMap":null,"_coverageSchema":"1a1c01bbd47fc00a2c39e90264f33305004495a9","hash":"033cc5ee6a8a097b4f2e13cd0c2f7d24f398de04"}
,"/Users/xuwenting/WxProjects/fabric-wx/fabric/utils/event_bus.ts": {"path":"/Users/xuwenting/WxProjects/fabric-wx/fabric/utils/event_bus.ts","statementMap":{"0":{"start":{"line":13,"column":12},"end":{"line":15,"column":11}},"1":{"start":{"line":19,"column":8},"end":{"line":21,"column":9}},"2":{"start":{"line":20,"column":12},"end":{"line":20,"column":39}},"3":{"start":{"line":22,"column":8},"end":{"line":22,"column":39}},"4":{"start":{"line":27,"column":8},"end":{"line":30,"column":9}},"5":{"start":{"line":28,"column":12},"end":{"line":28,"column":41}},"6":{"start":{"line":29,"column":12},"end":{"line":29,"column":19}},"7":{"start":{"line":31,"column":21},"end":{"line":31,"column":42}},"8":{"start":{"line":32,"column":8},"end":{"line":32,"column":26}},"9":{"start":{"line":32,"column":19},"end":{"line":32,"column":26}},"10":{"start":{"line":33,"column":20},"end":{"line":33,"column":36}},"11":{"start":{"line":34,"column":8},"end":{"line":34,"column":42}},"12":{"start":{"line":34,"column":22},"end":{"line":34,"column":42}},"13":{"start":{"line":39,"column":8},"end":{"line":39,"column":65}},"14":{"start":{"line":39,"column":52},"end":{"line":39,"column":63}},"15":{"start":{"line":44,"column":13},"end":{"line":44,"column":43}}},"fnMap":{"0":{"name":"(anonymous_0)","decl":{"start":{"line":12,"column":0},"end":{"line":12,"column":6}},"loc":{"start":{"line":12,"column":0},"end":{"line":41,"column":1}}},"1":{"name":"(anonymous_1)","decl":{"start":{"line":18,"column":4},"end":{"line":18,"column":6}},"loc":{"start":{"line":18,"column":57},"end":{"line":23,"column":5}}},"2":{"name":"(anonymous_2)","decl":{"start":{"line":26,"column":4},"end":{"line":26,"column":7}},"loc":{"start":{"line":26,"column":59},"end":{"line":35,"column":5}}},"3":{"name":"(anonymous_3)","decl":{"start":{"line":38,"column":4},"end":{"line":38,"column":8}},"loc":{"start":{"line":38,"column":59},"end":{"line":40,"column":5}}},"4":{"name":"(anonymous_4)","decl":{"start":{"line":39,"column":46},"end":{"line":39,"column":48}},"loc":{"start":{"line":39,"column":52},"end":{"line":39,"column":63}}}},"branchMap":{"0":{"loc":{"start":{"line":19,"column":8},"end":{"line":21,"column":9}},"type":"if","locations":[{"start":{"line":19,"column":8},"end":{"line":21,"column":9}},{"start":{},"end":{}}]},"1":{"loc":{"start":{"line":27,"column":8},"end":{"line":30,"column":9}},"type":"if","locations":[{"start":{"line":27,"column":8},"end":{"line":30,"column":9}},{"start":{},"end":{}}]},"2":{"loc":{"start":{"line":32,"column":8},"end":{"line":32,"column":26}},"type":"if","locations":[{"start":{"line":32,"column":8},"end":{"line":32,"column":26}},{"start":{},"end":{}}]},"3":{"loc":{"start":{"line":34,"column":8},"end":{"line":34,"column":42}},"type":"if","locations":[{"start":{"line":34,"column":8},"end":{"line":34,"column":42}},{"start":{},"end":{}}]},"4":{"loc":{"start":{"line":39,"column":9},"end":{"line":39,"column":36}},"type":"binary-expr","locations":[{"start":{"line":39,"column":9},"end":{"line":39,"column":30}},{"start":{"line":39,"column":34},"end":{"line":39,"column":36}}]}},"s":{"0":1,"1":16,"2":10,"3":16,"4":41,"5":38,"6":38,"7":3,"8":3,"9":1,"10":2,"11":2,"12":1,"13":11,"14":12,"15":1},"f":{"0":1,"1":16,"2":41,"3":11,"4":12},"b":{"0":[10,6],"1":[38,3],"2":[1,2],"3":[1,1],"4":[11,2]}}
}
