TN:
SF:cloudfunctions/deleteUser/index.js
FN:13,(anonymous_0)
FNF:1
FNH:1
FNDA:9,(anonymous_0)
DA:2,1
DA:4,1
DA:8,1
DA:9,1
DA:10,1
DA:13,1
DA:14,9
DA:15,9
DA:17,9
DA:19,9
DA:24,8
DA:25,2
DA:30,8
DA:31,1
DA:38,7
DA:39,7
DA:42,7
DA:43,2
DA:44,2
DA:46,1
DA:51,7
DA:53,7
DA:58,6
DA:59,6
DA:61,2
DA:62,2
DA:65,2
DA:66,2
DA:67,1
DA:68,1
DA:75,6
DA:76,1
DA:77,1
DA:79,0
DA:84,6
DA:85,2
DA:88,6
DA:90,1
DA:93,7
DA:95,7
DA:101,1
DA:102,1
LF:42
LH:41
BRDA:24,0,0,2
BRDA:24,0,1,6
BRDA:30,1,0,1
BRDA:30,1,1,7
BRDA:42,2,0,2
BRDA:42,2,1,5
BRDA:42,3,0,7
BRDA:42,3,1,3
BRDA:61,4,0,2
BRDA:61,4,1,0
BRDA:61,5,0,2
BRDA:61,5,1,2
BRDA:65,6,0,2
BRDA:65,6,1,0
BRDA:65,7,0,2
BRDA:65,7,1,2
BRDA:67,8,0,1
BRDA:67,8,1,0
BRDA:67,9,0,1
BRDA:67,9,1,1
BRDA:75,10,0,1
BRDA:75,10,1,5
BRDA:104,11,0,1
BRDA:104,11,1,0
BRF:24
BRH:20
end_of_record
TN:
SF:cloudfunctions/login/index.js
FN:15,generateZhizhiId
FN:24,isZhizhiIdExists
FN:36,generateUniqueZhizhiId
FN:50,(anonymous_3)
FNF:4
FNH:4
FNDA:7,generateZhizhiId
FNDA:7,isZhizhiIdExists
FNDA:6,generateUniqueZhizhiId
FNDA:12,(anonymous_3)
DA:2,1
DA:4,1
DA:8,1
DA:9,1
DA:16,7
DA:25,7
DA:28,7
DA:37,6
DA:38,7
DA:39,7
DA:40,7
DA:41,6
DA:45,0
DA:46,0
DA:50,1
DA:51,12
DA:52,12
DA:54,12
DA:56,12
DA:57,12
DA:60,12
DA:63,10
DA:66,10
DA:67,7
DA:70,7
DA:73,7
DA:74,1
DA:75,1
DA:82,10
DA:83,4
DA:86,4
DA:87,2
DA:90,2
DA:91,2
DA:93,2
DA:98,2
DA:109,2
DA:120,6
DA:121,6
DA:124,6
DA:126,6
DA:156,6
DA:160,6
DA:170,2
DA:171,2
LF:45
LH:43
BRDA:36,0,0,6
BRDA:40,1,0,6
BRDA:40,1,1,1
BRDA:66,2,0,7
BRDA:66,2,1,3
BRDA:73,3,0,1
BRDA:73,3,1,6
BRDA:82,4,0,4
BRDA:82,4,1,6
BRDA:86,5,0,2
BRDA:86,5,1,2
BRDA:86,6,0,4
BRDA:86,6,1,2
BRDA:90,7,0,2
BRDA:90,7,1,0
BRDA:91,8,0,1
BRDA:91,8,1,1
BRDA:104,9,0,2
BRDA:104,9,1,2
BRDA:114,10,0,2
BRDA:114,10,1,1
BRDA:130,11,0,6
BRDA:130,11,1,5
BRDA:131,12,0,6
BRDA:131,12,1,5
BRDA:173,13,0,2
BRDA:173,13,1,1
BRF:27
BRH:26
end_of_record
TN:
SF:cloudfunctions/syncCounterData/index.js
FN:12,(anonymous_0)
FNF:1
FNH:1
FNDA:8,(anonymous_0)
DA:2,1
DA:4,1
DA:8,1
DA:9,1
DA:12,1
DA:13,8
DA:14,8
DA:16,8
DA:18,8
DA:20,8
DA:25,8
DA:26,1
DA:31,8
DA:32,1
DA:38,7
DA:39,7
DA:42,7
DA:43,1
DA:52,1
DA:62,6
DA:63,2
DA:64,2
DA:68,2
DA:69,2
DA:70,1
DA:71,0
DA:74,1
DA:75,1
DA:77,1
DA:78,0
DA:83,2
DA:96,4
DA:97,3
DA:98,3
DA:99,3
DA:100,3
DA:104,3
DA:105,3
DA:106,3
DA:107,0
DA:110,3
DA:111,3
DA:113,3
DA:114,0
DA:118,3
DA:121,3
DA:122,3
DA:125,3
DA:126,3
DA:127,3
DA:129,3
DA:131,0
DA:132,3
DA:134,1
DA:135,1
DA:136,2
DA:138,0
DA:139,0
DA:142,2
DA:143,2
DA:145,2
DA:146,1
DA:147,1
DA:149,1
DA:150,1
DA:159,3
DA:168,3
DA:177,1
DA:183,0
DA:184,0
LF:70
LH:61
BRDA:25,0,0,1
BRDA:25,0,1,7
BRDA:31,1,0,1
BRDA:31,1,1,7
BRDA:42,2,0,1
BRDA:42,2,1,6
BRDA:45,3,0,1
BRDA:45,3,1,0
BRDA:46,4,0,1
BRDA:46,4,1,0
BRDA:55,5,0,1
BRDA:55,5,1,0
BRDA:56,6,0,1
BRDA:56,6,1,0
BRDA:62,7,0,2
BRDA:62,7,1,4
BRDA:63,8,0,2
BRDA:63,8,1,1
BRDA:64,9,0,2
BRDA:64,9,1,1
BRDA:70,10,0,0
BRDA:70,10,1,1
BRDA:77,11,0,0
BRDA:77,11,1,1
BRDA:77,12,0,1
BRDA:77,12,1,1
BRDA:77,12,2,1
BRDA:96,13,0,3
BRDA:96,13,1,1
BRDA:97,14,0,3
BRDA:97,14,1,0
BRDA:98,15,0,3
BRDA:98,15,1,0
BRDA:99,16,0,3
BRDA:99,16,1,0
BRDA:100,17,0,3
BRDA:100,17,1,0
BRDA:106,18,0,0
BRDA:106,18,1,3
BRDA:113,19,0,0
BRDA:113,19,1,3
BRDA:113,20,0,3
BRDA:113,20,1,3
BRDA:113,20,2,3
BRDA:129,21,0,0
BRDA:129,21,1,3
BRDA:129,22,0,3
BRDA:129,22,1,0
BRDA:132,23,0,1
BRDA:132,23,1,2
BRDA:136,24,0,0
BRDA:136,24,1,2
BRDA:142,25,0,2
BRDA:142,25,1,0
BRDA:143,26,0,2
BRDA:143,26,1,0
BRDA:145,27,0,1
BRDA:145,27,1,1
BRDA:186,28,0,0
BRDA:186,28,1,0
BRF:60
BRH:41
end_of_record
TN:
SF:cloudfunctions/syncDiagramData/index.js
FN:12,(anonymous_0)
FNF:1
FNH:1
FNDA:14,(anonymous_0)
DA:2,1
DA:4,1
DA:8,1
DA:9,1
DA:12,1
DA:13,14
DA:14,14
DA:16,14
DA:18,14
DA:19,14
DA:22,14
DA:23,4
DA:24,2
DA:31,2
DA:36,2
DA:38,1
DA:51,1
DA:59,1
DA:74,1
DA:84,10
DA:85,3
DA:89,2
DA:98,7
DA:99,4
DA:101,4
DA:102,1
DA:109,3
DA:114,3
DA:115,1
DA:121,2
DA:124,2
DA:125,2
DA:126,1
DA:128,2
DA:129,2
DA:130,2
DA:131,2
DA:137,2
DA:138,1
DA:139,1
DA:141,0
DA:146,2
DA:148,2
DA:155,3
DA:156,2
DA:160,2
DA:168,1
DA:174,1
DA:175,1
LF:49
LH:48
BRDA:22,0,0,4
BRDA:22,0,1,10
BRDA:23,1,0,2
BRDA:23,1,1,2
BRDA:23,2,0,4
BRDA:23,2,1,3
BRDA:36,3,0,1
BRDA:36,3,1,1
BRDA:45,4,0,1
BRDA:45,4,1,0
BRDA:68,5,0,1
BRDA:68,5,1,0
BRDA:84,6,0,3
BRDA:84,6,1,7
BRDA:98,7,0,4
BRDA:98,7,1,3
BRDA:101,8,0,1
BRDA:101,8,1,3
BRDA:114,9,0,1
BRDA:114,9,1,2
BRDA:125,10,0,1
BRDA:125,10,1,1
BRDA:125,11,0,2
BRDA:125,11,1,2
BRDA:128,12,0,2
BRDA:128,12,1,0
BRDA:128,13,0,2
BRDA:128,13,1,2
BRDA:130,14,0,2
BRDA:130,14,1,0
BRDA:130,15,0,2
BRDA:130,15,1,2
BRDA:137,16,0,1
BRDA:137,16,1,1
BRDA:155,17,0,2
BRDA:155,17,1,1
BRDA:177,18,0,1
BRDA:177,18,1,0
BRF:38
BRH:33
end_of_record
TN:
SF:fabric/utils/event_bus.ts
FN:12,(anonymous_0)
FN:18,(anonymous_1)
FN:26,(anonymous_2)
FN:38,(anonymous_3)
FN:39,(anonymous_4)
FNF:5
FNH:5
FNDA:1,(anonymous_0)
FNDA:16,(anonymous_1)
FNDA:41,(anonymous_2)
FNDA:11,(anonymous_3)
FNDA:12,(anonymous_4)
DA:13,1
DA:19,16
DA:20,10
DA:22,16
DA:27,41
DA:28,38
DA:29,38
DA:31,3
DA:32,3
DA:33,2
DA:34,2
DA:39,12
DA:44,1
LF:13
LH:13
BRDA:19,0,0,10
BRDA:19,0,1,6
BRDA:27,1,0,38
BRDA:27,1,1,3
BRDA:32,2,0,1
BRDA:32,2,1,2
BRDA:34,3,0,1
BRDA:34,3,1,1
BRDA:39,4,0,11
BRDA:39,4,1,2
BRF:10
BRH:10
end_of_record
